0 info it worked if it ends with ok
1 verbose cli [ 'D:\\nodeJS\\node.exe',
1 verbose cli   'D:\\nodeJS\\node_modules\\npm\\bin\\npm-cli.js',
1 verbose cli   'install',
1 verbose cli   'CommonsChunkPlugin',
1 verbose cli   '--save-dev' ]
2 info using npm@2.15.9
3 info using node@v4.5.0
4 verbose install initial load of D:\Webpack\package.json
5 warn package.json momo@1.0.0 No repository field.
6 warn package.json momo@1.0.0 No README data
7 verbose installManyTop reading scoped package data from D:\Webpack\node_modules\accepts\package.json
8 verbose installManyTop reading scoped package data from D:\Webpack\node_modules\acorn\package.json
9 verbose installManyTop reading scoped package data from D:\Webpack\node_modules\align-text\package.json
10 verbose installManyTop reading scoped package data from D:\Webpack\node_modules\alphanum-sort\package.json
11 verbose installManyTop reading scoped package data from D:\Webpack\node_modules\amdefine\package.json
12 verbose installManyTop reading scoped package data from D:\Webpack\node_modules\ansi-regex\package.json
13 verbose installManyTop reading scoped package data from D:\Webpack\node_modules\ansi-styles\package.json
14 verbose installManyTop reading scoped package data from D:\Webpack\node_modules\anymatch\package.json
15 verbose installManyTop reading scoped package data from D:\Webpack\node_modules\archy\package.json
16 verbose installManyTop reading scoped package data from D:\Webpack\node_modules\argparse\package.json
17 verbose installManyTop reading scoped package data from D:\Webpack\node_modules\arr-diff\package.json
18 verbose installManyTop reading scoped package data from D:\Webpack\node_modules\arr-flatten\package.json
19 verbose installManyTop reading scoped package data from D:\Webpack\node_modules\array-differ\package.json
20 verbose installManyTop reading scoped package data from D:\Webpack\node_modules\array-find-index\package.json
21 verbose installManyTop reading scoped package data from D:\Webpack\node_modules\array-flatten\package.json
22 verbose installManyTop reading scoped package data from D:\Webpack\node_modules\array-uniq\package.json
23 verbose installManyTop reading scoped package data from D:\Webpack\node_modules\array-unique\package.json
24 verbose installManyTop reading scoped package data from D:\Webpack\node_modules\arrify\package.json
25 verbose installManyTop reading scoped package data from D:\Webpack\node_modules\asap\package.json
26 verbose installManyTop reading scoped package data from D:\Webpack\node_modules\assert\package.json
27 verbose installManyTop reading scoped package data from D:\Webpack\node_modules\ast-types\package.json
28 verbose installManyTop reading scoped package data from D:\Webpack\node_modules\async\package.json
29 verbose installManyTop reading scoped package data from D:\Webpack\node_modules\async-each\package.json
30 verbose installManyTop reading scoped package data from D:\Webpack\node_modules\autoprefixer\package.json
31 verbose installManyTop reading scoped package data from D:\Webpack\node_modules\babel-code-frame\package.json
32 verbose installManyTop reading scoped package data from D:\Webpack\node_modules\babel-generator\package.json
33 verbose installManyTop reading scoped package data from D:\Webpack\node_modules\babel-helpers\package.json
34 verbose installManyTop reading scoped package data from D:\Webpack\node_modules\babel-messages\package.json
35 verbose installManyTop reading scoped package data from D:\Webpack\node_modules\babel-preset-react\package.json
36 verbose installManyTop reading scoped package data from D:\Webpack\node_modules\babel-register\package.json
37 verbose installManyTop reading scoped package data from D:\Webpack\node_modules\babel-runtime\package.json
38 verbose installManyTop reading scoped package data from D:\Webpack\node_modules\babel-template\package.json
39 verbose installManyTop reading scoped package data from D:\Webpack\node_modules\babel-traverse\package.json
40 verbose installManyTop reading scoped package data from D:\Webpack\node_modules\babel-types\package.json
41 verbose installManyTop reading scoped package data from D:\Webpack\node_modules\babylon\package.json
42 verbose installManyTop reading scoped package data from D:\Webpack\node_modules\balanced-match\package.json
43 verbose installManyTop reading scoped package data from D:\Webpack\node_modules\base62\package.json
44 verbose installManyTop reading scoped package data from D:\Webpack\node_modules\base64-js\package.json
45 verbose installManyTop reading scoped package data from D:\Webpack\node_modules\batch\package.json
46 verbose installManyTop reading scoped package data from D:\Webpack\node_modules\beeper\package.json
47 verbose installManyTop reading scoped package data from D:\Webpack\node_modules\big.js\package.json
48 verbose installManyTop reading scoped package data from D:\Webpack\node_modules\binary-extensions\package.json
49 verbose installManyTop reading scoped package data from D:\Webpack\node_modules\brace-expansion\package.json
50 verbose installManyTop reading scoped package data from D:\Webpack\node_modules\braces\package.json
51 verbose installManyTop reading scoped package data from D:\Webpack\node_modules\browserify-aes\package.json
52 verbose installManyTop reading scoped package data from D:\Webpack\node_modules\browserify-zlib\package.json
53 verbose installManyTop reading scoped package data from D:\Webpack\node_modules\browserslist\package.json
54 verbose installManyTop reading scoped package data from D:\Webpack\node_modules\buffer\package.json
55 verbose installManyTop reading scoped package data from D:\Webpack\node_modules\buffer-shims\package.json
56 verbose installManyTop reading scoped package data from D:\Webpack\node_modules\builtin-modules\package.json
57 verbose installManyTop reading scoped package data from D:\Webpack\node_modules\builtin-status-codes\package.json
58 verbose installManyTop reading scoped package data from D:\Webpack\node_modules\bytes\package.json
59 verbose installManyTop reading scoped package data from D:\Webpack\node_modules\camelcase\package.json
60 verbose installManyTop reading scoped package data from D:\Webpack\node_modules\camelcase-keys\package.json
61 verbose installManyTop reading scoped package data from D:\Webpack\node_modules\caniuse-db\package.json
62 verbose installManyTop reading scoped package data from D:\Webpack\node_modules\center-align\package.json
63 verbose installManyTop reading scoped package data from D:\Webpack\node_modules\chalk\package.json
64 verbose installManyTop reading scoped package data from D:\Webpack\node_modules\chokidar\package.json
65 verbose installManyTop reading scoped package data from D:\Webpack\node_modules\clap\package.json
66 verbose installManyTop reading scoped package data from D:\Webpack\node_modules\cliui\package.json
67 verbose installManyTop reading scoped package data from D:\Webpack\node_modules\clone\package.json
68 verbose installManyTop reading scoped package data from D:\Webpack\node_modules\clone-stats\package.json
69 verbose installManyTop reading scoped package data from D:\Webpack\node_modules\coa\package.json
70 verbose installManyTop reading scoped package data from D:\Webpack\node_modules\color\package.json
71 verbose installManyTop reading scoped package data from D:\Webpack\node_modules\color-convert\package.json
72 verbose installManyTop reading scoped package data from D:\Webpack\node_modules\color-name\package.json
73 verbose installManyTop reading scoped package data from D:\Webpack\node_modules\color-string\package.json
74 verbose installManyTop reading scoped package data from D:\Webpack\node_modules\colormin\package.json
75 verbose installManyTop reading scoped package data from D:\Webpack\node_modules\colors\package.json
76 verbose installManyTop reading scoped package data from D:\Webpack\node_modules\commander\package.json
77 verbose installManyTop reading scoped package data from D:\Webpack\node_modules\commondir\package.json
78 verbose installManyTop reading scoped package data from D:\Webpack\node_modules\commoner\package.json
79 verbose installManyTop reading scoped package data from D:\Webpack\node_modules\compressible\package.json
80 verbose installManyTop reading scoped package data from D:\Webpack\node_modules\compression\package.json
81 verbose installManyTop reading scoped package data from D:\Webpack\node_modules\concat-map\package.json
82 verbose installManyTop reading scoped package data from D:\Webpack\node_modules\connect-history-api-fallback\package.json
83 verbose installManyTop reading scoped package data from D:\Webpack\node_modules\console-browserify\package.json
84 verbose installManyTop reading scoped package data from D:\Webpack\node_modules\constants-browserify\package.json
85 verbose installManyTop reading scoped package data from D:\Webpack\node_modules\content-disposition\package.json
86 verbose installManyTop reading scoped package data from D:\Webpack\node_modules\content-type\package.json
87 verbose installManyTop reading scoped package data from D:\Webpack\node_modules\convert-source-map\package.json
88 verbose installManyTop reading scoped package data from D:\Webpack\node_modules\cookie\package.json
89 verbose installManyTop reading scoped package data from D:\Webpack\node_modules\cookie-signature\package.json
90 verbose installManyTop reading scoped package data from D:\Webpack\node_modules\core-js\package.json
91 verbose installManyTop reading scoped package data from D:\Webpack\node_modules\core-util-is\package.json
92 verbose installManyTop reading scoped package data from D:\Webpack\node_modules\crypto-browserify\package.json
93 verbose installManyTop reading scoped package data from D:\Webpack\node_modules\css-color-names\package.json
94 verbose installManyTop reading scoped package data from D:\Webpack\node_modules\css-loader\package.json
95 verbose installManyTop reading scoped package data from D:\Webpack\node_modules\css-selector-tokenizer\package.json
96 verbose installManyTop reading scoped package data from D:\Webpack\node_modules\cssesc\package.json
97 verbose installManyTop reading scoped package data from D:\Webpack\node_modules\cssnano\package.json
98 verbose installManyTop reading scoped package data from D:\Webpack\node_modules\csso\package.json
99 verbose installManyTop reading scoped package data from D:\Webpack\node_modules\currently-unhandled\package.json
100 verbose installManyTop reading scoped package data from D:\Webpack\node_modules\date-now\package.json
101 verbose installManyTop reading scoped package data from D:\Webpack\node_modules\dateformat\package.json
102 verbose installManyTop reading scoped package data from D:\Webpack\node_modules\debug\package.json
103 verbose installManyTop reading scoped package data from D:\Webpack\node_modules\decamelize\package.json
104 verbose installManyTop reading scoped package data from D:\Webpack\node_modules\defaults\package.json
105 verbose installManyTop reading scoped package data from D:\Webpack\node_modules\defined\package.json
106 verbose installManyTop reading scoped package data from D:\Webpack\node_modules\depd\package.json
107 verbose installManyTop reading scoped package data from D:\Webpack\node_modules\deprecated\package.json
108 verbose installManyTop reading scoped package data from D:\Webpack\node_modules\destroy\package.json
109 verbose installManyTop reading scoped package data from D:\Webpack\node_modules\detect-file\package.json
110 verbose installManyTop reading scoped package data from D:\Webpack\node_modules\detect-indent\package.json
111 verbose installManyTop reading scoped package data from D:\Webpack\node_modules\detective\package.json
112 verbose installManyTop reading scoped package data from D:\Webpack\node_modules\domain-browser\package.json
113 verbose installManyTop reading scoped package data from D:\Webpack\node_modules\duplexer2\package.json
114 verbose installManyTop reading scoped package data from D:\Webpack\node_modules\ee-first\package.json
115 verbose installManyTop reading scoped package data from D:\Webpack\node_modules\emojis-list\package.json
116 verbose installManyTop reading scoped package data from D:\Webpack\node_modules\encodeurl\package.json
117 verbose installManyTop reading scoped package data from D:\Webpack\node_modules\end-of-stream\package.json
118 verbose installManyTop reading scoped package data from D:\Webpack\node_modules\enhanced-resolve\package.json
119 verbose installManyTop reading scoped package data from D:\Webpack\node_modules\errno\package.json
120 verbose installManyTop reading scoped package data from D:\Webpack\node_modules\error-ex\package.json
121 verbose installManyTop reading scoped package data from D:\Webpack\node_modules\escape-html\package.json
122 verbose installManyTop reading scoped package data from D:\Webpack\node_modules\escape-string-regexp\package.json
123 verbose installManyTop reading scoped package data from D:\Webpack\node_modules\esprima\package.json
124 verbose installManyTop reading scoped package data from D:\Webpack\node_modules\esprima-fb\package.json
125 verbose installManyTop reading scoped package data from D:\Webpack\node_modules\esutils\package.json
126 verbose installManyTop reading scoped package data from D:\Webpack\node_modules\etag\package.json
127 verbose installManyTop reading scoped package data from D:\Webpack\node_modules\eventemitter3\package.json
128 verbose installManyTop reading scoped package data from D:\Webpack\node_modules\events\package.json
129 verbose installManyTop reading scoped package data from D:\Webpack\node_modules\eventsource\package.json
130 verbose installManyTop reading scoped package data from D:\Webpack\node_modules\expand-brackets\package.json
131 verbose installManyTop reading scoped package data from D:\Webpack\node_modules\expand-range\package.json
132 verbose installManyTop reading scoped package data from D:\Webpack\node_modules\expand-tilde\package.json
133 verbose installManyTop reading scoped package data from D:\Webpack\node_modules\express\package.json
134 verbose installManyTop reading scoped package data from D:\Webpack\node_modules\extend\package.json
135 verbose installManyTop reading scoped package data from D:\Webpack\node_modules\extglob\package.json
136 verbose installManyTop reading scoped package data from D:\Webpack\node_modules\fancy-log\package.json
137 verbose installManyTop reading scoped package data from D:\Webpack\node_modules\fastparse\package.json
138 verbose installManyTop reading scoped package data from D:\Webpack\node_modules\faye-websocket\package.json
139 verbose installManyTop reading scoped package data from D:\Webpack\node_modules\filename-regex\package.json
140 verbose installManyTop reading scoped package data from D:\Webpack\node_modules\fill-range\package.json
141 verbose installManyTop reading scoped package data from D:\Webpack\node_modules\finalhandler\package.json
142 verbose installManyTop reading scoped package data from D:\Webpack\node_modules\find-cache-dir\package.json
143 verbose installManyTop reading scoped package data from D:\Webpack\node_modules\find-index\package.json
144 verbose installManyTop reading scoped package data from D:\Webpack\node_modules\find-up\package.json
145 verbose installManyTop reading scoped package data from D:\Webpack\node_modules\findup-sync\package.json
146 verbose installManyTop reading scoped package data from D:\Webpack\node_modules\fined\package.json
147 verbose installManyTop reading scoped package data from D:\Webpack\node_modules\first-chunk-stream\package.json
148 verbose installManyTop reading scoped package data from D:\Webpack\node_modules\flagged-respawn\package.json
149 verbose installManyTop reading scoped package data from D:\Webpack\node_modules\flatten\package.json
150 verbose installManyTop reading scoped package data from D:\Webpack\node_modules\for-in\package.json
151 verbose installManyTop reading scoped package data from D:\Webpack\node_modules\for-own\package.json
152 verbose installManyTop reading scoped package data from D:\Webpack\node_modules\forwarded\package.json
153 verbose installManyTop reading scoped package data from D:\Webpack\node_modules\fresh\package.json
154 verbose installManyTop reading scoped package data from D:\Webpack\node_modules\fs-exists-sync\package.json
155 verbose installManyTop reading scoped package data from D:\Webpack\node_modules\fs.realpath\package.json
156 verbose installManyTop reading scoped package data from D:\Webpack\node_modules\fsevents\package.json
157 verbose installManyTop reading scoped package data from D:\Webpack\node_modules\function-bind\package.json
158 verbose installManyTop reading scoped package data from D:\Webpack\node_modules\gaze\package.json
159 verbose installManyTop reading scoped package data from D:\Webpack\node_modules\get-stdin\package.json
160 verbose installManyTop reading scoped package data from D:\Webpack\node_modules\glob-base\package.json
161 verbose installManyTop reading scoped package data from D:\Webpack\node_modules\glob-parent\package.json
162 verbose installManyTop reading scoped package data from D:\Webpack\node_modules\glob-stream\package.json
163 verbose installManyTop reading scoped package data from D:\Webpack\node_modules\glob-watcher\package.json
164 verbose installManyTop reading scoped package data from D:\Webpack\node_modules\glob2base\package.json
165 verbose installManyTop reading scoped package data from D:\Webpack\node_modules\global-modules\package.json
166 verbose installManyTop reading scoped package data from D:\Webpack\node_modules\global-prefix\package.json
167 verbose installManyTop reading scoped package data from D:\Webpack\node_modules\globals\package.json
168 verbose installManyTop reading scoped package data from D:\Webpack\node_modules\globule\package.json
169 verbose installManyTop reading scoped package data from D:\Webpack\node_modules\glogg\package.json
170 verbose installManyTop reading scoped package data from D:\Webpack\node_modules\graceful-fs\package.json
171 verbose installManyTop reading scoped package data from D:\Webpack\node_modules\graceful-readlink\package.json
172 verbose installManyTop reading scoped package data from D:\Webpack\node_modules\gulp-util\package.json
173 verbose installManyTop reading scoped package data from D:\Webpack\node_modules\gulplog\package.json
174 verbose installManyTop reading scoped package data from D:\Webpack\node_modules\has\package.json
175 verbose installManyTop reading scoped package data from D:\Webpack\node_modules\has-ansi\package.json
176 verbose installManyTop reading scoped package data from D:\Webpack\node_modules\has-flag\package.json
177 verbose installManyTop reading scoped package data from D:\Webpack\node_modules\has-gulplog\package.json
178 verbose installManyTop reading scoped package data from D:\Webpack\node_modules\home-or-tmp\package.json
179 verbose installManyTop reading scoped package data from D:\Webpack\node_modules\homedir-polyfill\package.json
180 verbose installManyTop reading scoped package data from D:\Webpack\node_modules\hosted-git-info\package.json
181 verbose installManyTop reading scoped package data from D:\Webpack\node_modules\html-comment-regex\package.json
182 verbose installManyTop reading scoped package data from D:\Webpack\node_modules\http-errors\package.json
183 verbose installManyTop reading scoped package data from D:\Webpack\node_modules\http-proxy\package.json
184 verbose installManyTop reading scoped package data from D:\Webpack\node_modules\http-proxy-middleware\package.json
185 verbose installManyTop reading scoped package data from D:\Webpack\node_modules\https-browserify\package.json
186 verbose installManyTop reading scoped package data from D:\Webpack\node_modules\iconv-lite\package.json
187 verbose installManyTop reading scoped package data from D:\Webpack\node_modules\icss-replace-symbols\package.json
188 verbose installManyTop reading scoped package data from D:\Webpack\node_modules\ieee754\package.json
189 verbose installManyTop reading scoped package data from D:\Webpack\node_modules\image-size\package.json
190 verbose installManyTop reading scoped package data from D:\Webpack\node_modules\indent-string\package.json
191 verbose installManyTop reading scoped package data from D:\Webpack\node_modules\indexes-of\package.json
192 verbose installManyTop reading scoped package data from D:\Webpack\node_modules\indexof\package.json
193 verbose installManyTop reading scoped package data from D:\Webpack\node_modules\inflight\package.json
194 verbose installManyTop reading scoped package data from D:\Webpack\node_modules\inherits\package.json
195 verbose installManyTop reading scoped package data from D:\Webpack\node_modules\ini\package.json
196 verbose installManyTop reading scoped package data from D:\Webpack\node_modules\interpret\package.json
197 verbose installManyTop reading scoped package data from D:\Webpack\node_modules\invariant\package.json
198 verbose installManyTop reading scoped package data from D:\Webpack\node_modules\ipaddr.js\package.json
199 verbose installManyTop reading scoped package data from D:\Webpack\node_modules\is-absolute\package.json
200 verbose installManyTop reading scoped package data from D:\Webpack\node_modules\is-absolute-url\package.json
201 verbose installManyTop reading scoped package data from D:\Webpack\node_modules\is-arrayish\package.json
202 verbose installManyTop reading scoped package data from D:\Webpack\node_modules\is-binary-path\package.json
203 verbose installManyTop reading scoped package data from D:\Webpack\node_modules\is-buffer\package.json
204 verbose installManyTop reading scoped package data from D:\Webpack\node_modules\is-builtin-module\package.json
205 verbose installManyTop reading scoped package data from D:\Webpack\node_modules\is-dotfile\package.json
206 verbose installManyTop reading scoped package data from D:\Webpack\node_modules\is-equal-shallow\package.json
207 verbose installManyTop reading scoped package data from D:\Webpack\node_modules\is-extendable\package.json
208 verbose installManyTop reading scoped package data from D:\Webpack\node_modules\is-extglob\package.json
209 verbose installManyTop reading scoped package data from D:\Webpack\node_modules\is-finite\package.json
210 verbose installManyTop reading scoped package data from D:\Webpack\node_modules\is-glob\package.json
211 verbose installManyTop reading scoped package data from D:\Webpack\node_modules\is-number\package.json
212 verbose installManyTop reading scoped package data from D:\Webpack\node_modules\is-plain-obj\package.json
213 verbose installManyTop reading scoped package data from D:\Webpack\node_modules\is-posix-bracket\package.json
214 verbose installManyTop reading scoped package data from D:\Webpack\node_modules\is-primitive\package.json
215 verbose installManyTop reading scoped package data from D:\Webpack\node_modules\is-relative\package.json
216 verbose installManyTop reading scoped package data from D:\Webpack\node_modules\is-svg\package.json
217 verbose installManyTop reading scoped package data from D:\Webpack\node_modules\is-unc-path\package.json
218 verbose installManyTop reading scoped package data from D:\Webpack\node_modules\is-utf8\package.json
219 verbose installManyTop reading scoped package data from D:\Webpack\node_modules\is-windows\package.json
220 verbose installManyTop reading scoped package data from D:\Webpack\node_modules\isarray\package.json
221 verbose installManyTop reading scoped package data from D:\Webpack\node_modules\isexe\package.json
222 verbose installManyTop reading scoped package data from D:\Webpack\node_modules\isobject\package.json
223 verbose installManyTop reading scoped package data from D:\Webpack\node_modules\jquery\package.json
224 verbose installManyTop reading scoped package data from D:\Webpack\node_modules\js-base64\package.json
225 verbose installManyTop reading scoped package data from D:\Webpack\node_modules\js-tokens\package.json
226 verbose installManyTop reading scoped package data from D:\Webpack\node_modules\js-yaml\package.json
227 verbose installManyTop reading scoped package data from D:\Webpack\node_modules\jsesc\package.json
228 verbose installManyTop reading scoped package data from D:\Webpack\node_modules\json-loader\package.json
229 verbose installManyTop reading scoped package data from D:\Webpack\node_modules\json3\package.json
230 verbose installManyTop reading scoped package data from D:\Webpack\node_modules\json5\package.json
231 verbose installManyTop reading scoped package data from D:\Webpack\node_modules\jstransform\package.json
232 verbose installManyTop reading scoped package data from D:\Webpack\node_modules\jsx-loader\package.json
233 verbose installManyTop reading scoped package data from D:\Webpack\node_modules\kind-of\package.json
234 verbose installManyTop reading scoped package data from D:\Webpack\node_modules\lazy-cache\package.json
235 verbose installManyTop reading scoped package data from D:\Webpack\node_modules\less\package.json
236 verbose installManyTop reading scoped package data from D:\Webpack\node_modules\less-loader\package.json
237 verbose installManyTop reading scoped package data from D:\Webpack\node_modules\liftoff\package.json
238 verbose installManyTop reading scoped package data from D:\Webpack\node_modules\load-json-file\package.json
239 verbose installManyTop reading scoped package data from D:\Webpack\node_modules\loader-utils\package.json
240 verbose installManyTop reading scoped package data from D:\Webpack\node_modules\lodash\package.json
241 verbose installManyTop reading scoped package data from D:\Webpack\node_modules\lodash._basecopy\package.json
242 verbose installManyTop reading scoped package data from D:\Webpack\node_modules\lodash._basetostring\package.json
243 verbose installManyTop reading scoped package data from D:\Webpack\node_modules\lodash._basevalues\package.json
244 verbose installManyTop reading scoped package data from D:\Webpack\node_modules\lodash._getnative\package.json
245 verbose installManyTop reading scoped package data from D:\Webpack\node_modules\lodash._isiterateecall\package.json
246 verbose installManyTop reading scoped package data from D:\Webpack\node_modules\lodash._reescape\package.json
247 verbose installManyTop reading scoped package data from D:\Webpack\node_modules\lodash._reevaluate\package.json
248 verbose installManyTop reading scoped package data from D:\Webpack\node_modules\lodash._reinterpolate\package.json
249 verbose installManyTop reading scoped package data from D:\Webpack\node_modules\lodash._root\package.json
250 verbose installManyTop reading scoped package data from D:\Webpack\node_modules\lodash.assignwith\package.json
251 verbose installManyTop reading scoped package data from D:\Webpack\node_modules\lodash.camelcase\package.json
252 verbose installManyTop reading scoped package data from D:\Webpack\node_modules\lodash.escape\package.json
253 verbose installManyTop reading scoped package data from D:\Webpack\node_modules\lodash.indexof\package.json
254 verbose installManyTop reading scoped package data from D:\Webpack\node_modules\lodash.isarguments\package.json
255 verbose installManyTop reading scoped package data from D:\Webpack\node_modules\lodash.isarray\package.json
256 verbose installManyTop reading scoped package data from D:\Webpack\node_modules\lodash.isempty\package.json
257 verbose installManyTop reading scoped package data from D:\Webpack\node_modules\lodash.isplainobject\package.json
258 verbose installManyTop reading scoped package data from D:\Webpack\node_modules\lodash.isstring\package.json
259 verbose installManyTop reading scoped package data from D:\Webpack\node_modules\lodash.keys\package.json
260 verbose installManyTop reading scoped package data from D:\Webpack\node_modules\lodash.mapvalues\package.json
261 verbose installManyTop reading scoped package data from D:\Webpack\node_modules\lodash.pick\package.json
262 verbose installManyTop reading scoped package data from D:\Webpack\node_modules\lodash.restparam\package.json
263 verbose installManyTop reading scoped package data from D:\Webpack\node_modules\lodash.template\package.json
264 verbose installManyTop reading scoped package data from D:\Webpack\node_modules\lodash.templatesettings\package.json
265 verbose installManyTop reading scoped package data from D:\Webpack\node_modules\longest\package.json
266 verbose installManyTop reading scoped package data from D:\Webpack\node_modules\loose-envify\package.json
267 verbose installManyTop reading scoped package data from D:\Webpack\node_modules\loud-rejection\package.json
268 verbose installManyTop reading scoped package data from D:\Webpack\node_modules\lru-cache\package.json
269 verbose installManyTop reading scoped package data from D:\Webpack\node_modules\macaddress\package.json
270 verbose installManyTop reading scoped package data from D:\Webpack\node_modules\map-cache\package.json
271 verbose installManyTop reading scoped package data from D:\Webpack\node_modules\map-obj\package.json
272 verbose installManyTop reading scoped package data from D:\Webpack\node_modules\math-expression-evaluator\package.json
273 verbose installManyTop reading scoped package data from D:\Webpack\node_modules\media-typer\package.json
274 verbose installManyTop reading scoped package data from D:\Webpack\node_modules\memory-fs\package.json
275 verbose installManyTop reading scoped package data from D:\Webpack\node_modules\meow\package.json
276 verbose installManyTop reading scoped package data from D:\Webpack\node_modules\merge-descriptors\package.json
277 verbose installManyTop reading scoped package data from D:\Webpack\node_modules\methods\package.json
278 verbose installManyTop reading scoped package data from D:\Webpack\node_modules\micromatch\package.json
279 verbose installManyTop reading scoped package data from D:\Webpack\node_modules\mime\package.json
280 verbose installManyTop reading scoped package data from D:\Webpack\node_modules\mime-db\package.json
281 verbose installManyTop reading scoped package data from D:\Webpack\node_modules\mime-types\package.json
282 verbose installManyTop reading scoped package data from D:\Webpack\node_modules\minimatch\package.json
283 verbose installManyTop reading scoped package data from D:\Webpack\node_modules\minimist\package.json
284 verbose installManyTop reading scoped package data from D:\Webpack\node_modules\mkdirp\package.json
285 verbose installManyTop reading scoped package data from D:\Webpack\node_modules\ms\package.json
286 verbose installManyTop reading scoped package data from D:\Webpack\node_modules\multipipe\package.json
287 verbose installManyTop reading scoped package data from D:\Webpack\node_modules\natives\package.json
288 verbose installManyTop reading scoped package data from D:\Webpack\node_modules\negotiator\package.json
289 verbose installManyTop reading scoped package data from D:\Webpack\node_modules\node-libs-browser\package.json
290 verbose installManyTop reading scoped package data from D:\Webpack\node_modules\normalize-package-data\package.json
291 verbose installManyTop reading scoped package data from D:\Webpack\node_modules\normalize-path\package.json
292 verbose installManyTop reading scoped package data from D:\Webpack\node_modules\normalize-range\package.json
293 verbose installManyTop reading scoped package data from D:\Webpack\node_modules\normalize-url\package.json
294 verbose installManyTop reading scoped package data from D:\Webpack\node_modules\num2fraction\package.json
295 verbose installManyTop reading scoped package data from D:\Webpack\node_modules\number-is-nan\package.json
296 verbose installManyTop reading scoped package data from D:\Webpack\node_modules\object-assign\package.json
297 verbose installManyTop reading scoped package data from D:\Webpack\node_modules\object.omit\package.json
298 verbose installManyTop reading scoped package data from D:\Webpack\node_modules\on-finished\package.json
299 verbose installManyTop reading scoped package data from D:\Webpack\node_modules\on-headers\package.json
300 verbose installManyTop reading scoped package data from D:\Webpack\node_modules\once\package.json
301 verbose installManyTop reading scoped package data from D:\Webpack\node_modules\open\package.json
302 verbose installManyTop reading scoped package data from D:\Webpack\node_modules\optimist\package.json
303 verbose installManyTop reading scoped package data from D:\Webpack\node_modules\orchestrator\package.json
304 verbose installManyTop reading scoped package data from D:\Webpack\node_modules\ordered-read-streams\package.json
305 verbose installManyTop reading scoped package data from D:\Webpack\node_modules\original\package.json
306 verbose installManyTop reading scoped package data from D:\Webpack\node_modules\os-browserify\package.json
307 verbose installManyTop reading scoped package data from D:\Webpack\node_modules\os-homedir\package.json
308 verbose installManyTop reading scoped package data from D:\Webpack\node_modules\os-tmpdir\package.json
309 verbose installManyTop reading scoped package data from D:\Webpack\node_modules\pako\package.json
310 verbose installManyTop reading scoped package data from D:\Webpack\node_modules\parse-filepath\package.json
311 verbose installManyTop reading scoped package data from D:\Webpack\node_modules\parse-glob\package.json
312 verbose installManyTop reading scoped package data from D:\Webpack\node_modules\parse-json\package.json
313 verbose installManyTop reading scoped package data from D:\Webpack\node_modules\parse-passwd\package.json
314 verbose installManyTop reading scoped package data from D:\Webpack\node_modules\parseurl\package.json
315 verbose installManyTop reading scoped package data from D:\Webpack\node_modules\path-browserify\package.json
316 verbose installManyTop reading scoped package data from D:\Webpack\node_modules\path-exists\package.json
317 verbose installManyTop reading scoped package data from D:\Webpack\node_modules\path-is-absolute\package.json
318 verbose installManyTop reading scoped package data from D:\Webpack\node_modules\path-root\package.json
319 verbose installManyTop reading scoped package data from D:\Webpack\node_modules\path-root-regex\package.json
320 verbose installManyTop reading scoped package data from D:\Webpack\node_modules\path-to-regexp\package.json
321 verbose installManyTop reading scoped package data from D:\Webpack\node_modules\path-type\package.json
322 verbose installManyTop reading scoped package data from D:\Webpack\node_modules\pbkdf2-compat\package.json
323 verbose installManyTop reading scoped package data from D:\Webpack\node_modules\pify\package.json
324 verbose installManyTop reading scoped package data from D:\Webpack\node_modules\pinkie\package.json
325 verbose installManyTop reading scoped package data from D:\Webpack\node_modules\pinkie-promise\package.json
326 verbose installManyTop reading scoped package data from D:\Webpack\node_modules\pkg-dir\package.json
327 verbose installManyTop reading scoped package data from D:\Webpack\node_modules\postcss\package.json
328 verbose installManyTop reading scoped package data from D:\Webpack\node_modules\postcss-calc\package.json
329 verbose installManyTop reading scoped package data from D:\Webpack\node_modules\postcss-colormin\package.json
330 verbose installManyTop reading scoped package data from D:\Webpack\node_modules\postcss-convert-values\package.json
331 verbose installManyTop reading scoped package data from D:\Webpack\node_modules\postcss-discard-comments\package.json
332 verbose installManyTop reading scoped package data from D:\Webpack\node_modules\postcss-discard-duplicates\package.json
333 verbose installManyTop reading scoped package data from D:\Webpack\node_modules\postcss-discard-empty\package.json
334 verbose installManyTop reading scoped package data from D:\Webpack\node_modules\postcss-discard-overridden\package.json
335 verbose installManyTop reading scoped package data from D:\Webpack\node_modules\postcss-discard-unused\package.json
336 verbose installManyTop reading scoped package data from D:\Webpack\node_modules\postcss-filter-plugins\package.json
337 verbose installManyTop reading scoped package data from D:\Webpack\node_modules\postcss-merge-idents\package.json
338 verbose installManyTop reading scoped package data from D:\Webpack\node_modules\postcss-merge-longhand\package.json
339 verbose installManyTop reading scoped package data from D:\Webpack\node_modules\postcss-merge-rules\package.json
340 verbose installManyTop reading scoped package data from D:\Webpack\node_modules\postcss-message-helpers\package.json
341 verbose installManyTop reading scoped package data from D:\Webpack\node_modules\postcss-minify-font-values\package.json
342 verbose installManyTop reading scoped package data from D:\Webpack\node_modules\postcss-minify-gradients\package.json
343 verbose installManyTop reading scoped package data from D:\Webpack\node_modules\postcss-minify-params\package.json
344 verbose installManyTop reading scoped package data from D:\Webpack\node_modules\postcss-minify-selectors\package.json
345 verbose installManyTop reading scoped package data from D:\Webpack\node_modules\postcss-modules-extract-imports\package.json
346 verbose installManyTop reading scoped package data from D:\Webpack\node_modules\postcss-modules-local-by-default\package.json
347 verbose installManyTop reading scoped package data from D:\Webpack\node_modules\postcss-modules-scope\package.json
348 verbose installManyTop reading scoped package data from D:\Webpack\node_modules\postcss-modules-values\package.json
349 verbose installManyTop reading scoped package data from D:\Webpack\node_modules\postcss-normalize-charset\package.json
350 verbose installManyTop reading scoped package data from D:\Webpack\node_modules\postcss-normalize-url\package.json
351 verbose installManyTop reading scoped package data from D:\Webpack\node_modules\postcss-ordered-values\package.json
352 verbose installManyTop reading scoped package data from D:\Webpack\node_modules\postcss-reduce-idents\package.json
353 verbose installManyTop reading scoped package data from D:\Webpack\node_modules\postcss-reduce-initial\package.json
354 verbose installManyTop reading scoped package data from D:\Webpack\node_modules\postcss-reduce-transforms\package.json
355 verbose installManyTop reading scoped package data from D:\Webpack\node_modules\postcss-selector-parser\package.json
356 verbose installManyTop reading scoped package data from D:\Webpack\node_modules\postcss-svgo\package.json
357 verbose installManyTop reading scoped package data from D:\Webpack\node_modules\postcss-unique-selectors\package.json
358 verbose installManyTop reading scoped package data from D:\Webpack\node_modules\postcss-value-parser\package.json
359 verbose installManyTop reading scoped package data from D:\Webpack\node_modules\postcss-zindex\package.json
360 verbose installManyTop reading scoped package data from D:\Webpack\node_modules\prepend-http\package.json
361 verbose installManyTop reading scoped package data from D:\Webpack\node_modules\preserve\package.json
362 verbose installManyTop reading scoped package data from D:\Webpack\node_modules\pretty-hrtime\package.json
363 verbose installManyTop reading scoped package data from D:\Webpack\node_modules\private\package.json
364 verbose installManyTop reading scoped package data from D:\Webpack\node_modules\process\package.json
365 verbose installManyTop reading scoped package data from D:\Webpack\node_modules\process-nextick-args\package.json
366 verbose installManyTop reading scoped package data from D:\Webpack\node_modules\promise\package.json
367 verbose installManyTop reading scoped package data from D:\Webpack\node_modules\proxy-addr\package.json
368 verbose installManyTop reading scoped package data from D:\Webpack\node_modules\prr\package.json
369 verbose installManyTop reading scoped package data from D:\Webpack\node_modules\punycode\package.json
370 verbose installManyTop reading scoped package data from D:\Webpack\node_modules\q\package.json
371 verbose installManyTop reading scoped package data from D:\Webpack\node_modules\qs\package.json
372 verbose installManyTop reading scoped package data from D:\Webpack\node_modules\query-string\package.json
373 verbose installManyTop reading scoped package data from D:\Webpack\node_modules\querystring\package.json
374 verbose installManyTop reading scoped package data from D:\Webpack\node_modules\querystring-es3\package.json
375 verbose installManyTop reading scoped package data from D:\Webpack\node_modules\querystringify\package.json
376 verbose installManyTop reading scoped package data from D:\Webpack\node_modules\randomatic\package.json
377 verbose installManyTop reading scoped package data from D:\Webpack\node_modules\range-parser\package.json
378 verbose installManyTop reading scoped package data from D:\Webpack\node_modules\read-pkg\package.json
379 verbose installManyTop reading scoped package data from D:\Webpack\node_modules\read-pkg-up\package.json
380 verbose installManyTop reading scoped package data from D:\Webpack\node_modules\readable-stream\package.json
381 verbose installManyTop reading scoped package data from D:\Webpack\node_modules\readdirp\package.json
382 verbose installManyTop reading scoped package data from D:\Webpack\node_modules\recast\package.json
383 verbose installManyTop reading scoped package data from D:\Webpack\node_modules\rechoir\package.json
384 verbose installManyTop reading scoped package data from D:\Webpack\node_modules\redent\package.json
385 verbose installManyTop reading scoped package data from D:\Webpack\node_modules\reduce-css-calc\package.json
386 verbose installManyTop reading scoped package data from D:\Webpack\node_modules\reduce-function-call\package.json
387 verbose installManyTop reading scoped package data from D:\Webpack\node_modules\regenerate\package.json
388 verbose installManyTop reading scoped package data from D:\Webpack\node_modules\regenerator-runtime\package.json
389 verbose installManyTop reading scoped package data from D:\Webpack\node_modules\regex-cache\package.json
390 verbose installManyTop reading scoped package data from D:\Webpack\node_modules\regexpu-core\package.json
391 verbose installManyTop reading scoped package data from D:\Webpack\node_modules\regjsgen\package.json
392 verbose installManyTop reading scoped package data from D:\Webpack\node_modules\regjsparser\package.json
393 verbose installManyTop reading scoped package data from D:\Webpack\node_modules\repeat-element\package.json
394 verbose installManyTop reading scoped package data from D:\Webpack\node_modules\repeat-string\package.json
395 verbose installManyTop reading scoped package data from D:\Webpack\node_modules\repeating\package.json
396 verbose installManyTop reading scoped package data from D:\Webpack\node_modules\replace-ext\package.json
397 verbose installManyTop reading scoped package data from D:\Webpack\node_modules\requires-port\package.json
398 verbose installManyTop reading scoped package data from D:\Webpack\node_modules\resolve\package.json
399 verbose installManyTop reading scoped package data from D:\Webpack\node_modules\resolve-dir\package.json
400 verbose installManyTop reading scoped package data from D:\Webpack\node_modules\right-align\package.json
401 verbose installManyTop reading scoped package data from D:\Webpack\node_modules\ripemd160\package.json
402 verbose installManyTop reading scoped package data from D:\Webpack\node_modules\sax\package.json
403 verbose installManyTop reading scoped package data from D:\Webpack\node_modules\semver\package.json
404 verbose installManyTop reading scoped package data from D:\Webpack\node_modules\send\package.json
405 verbose installManyTop reading scoped package data from D:\Webpack\node_modules\sequencify\package.json
406 verbose installManyTop reading scoped package data from D:\Webpack\node_modules\serve-index\package.json
407 verbose installManyTop reading scoped package data from D:\Webpack\node_modules\serve-static\package.json
408 verbose installManyTop reading scoped package data from D:\Webpack\node_modules\set-immediate-shim\package.json
409 verbose installManyTop reading scoped package data from D:\Webpack\node_modules\setimmediate\package.json
410 verbose installManyTop reading scoped package data from D:\Webpack\node_modules\setprototypeof\package.json
411 verbose installManyTop reading scoped package data from D:\Webpack\node_modules\sha.js\package.json
412 verbose installManyTop reading scoped package data from D:\Webpack\node_modules\sigmund\package.json
413 verbose installManyTop reading scoped package data from D:\Webpack\node_modules\signal-exit\package.json
414 verbose installManyTop reading scoped package data from D:\Webpack\node_modules\slash\package.json
415 verbose installManyTop reading scoped package data from D:\Webpack\node_modules\sockjs\package.json
416 verbose installManyTop reading scoped package data from D:\Webpack\node_modules\sockjs-client\package.json
417 verbose installManyTop reading scoped package data from D:\Webpack\node_modules\sort-keys\package.json
418 verbose installManyTop reading scoped package data from D:\Webpack\node_modules\source-list-map\package.json
419 verbose installManyTop reading scoped package data from D:\Webpack\node_modules\source-map\package.json
420 verbose installManyTop reading scoped package data from D:\Webpack\node_modules\source-map-support\package.json
421 verbose installManyTop reading scoped package data from D:\Webpack\node_modules\sparkles\package.json
422 verbose installManyTop reading scoped package data from D:\Webpack\node_modules\spdx-correct\package.json
423 verbose installManyTop reading scoped package data from D:\Webpack\node_modules\spdx-expression-parse\package.json
424 verbose installManyTop reading scoped package data from D:\Webpack\node_modules\spdx-license-ids\package.json
425 verbose installManyTop reading scoped package data from D:\Webpack\node_modules\sprintf-js\package.json
426 verbose installManyTop reading scoped package data from D:\Webpack\node_modules\statuses\package.json
427 verbose installManyTop reading scoped package data from D:\Webpack\node_modules\stream-browserify\package.json
428 verbose installManyTop reading scoped package data from D:\Webpack\node_modules\stream-cache\package.json
429 verbose installManyTop reading scoped package data from D:\Webpack\node_modules\stream-consume\package.json
430 verbose installManyTop reading scoped package data from D:\Webpack\node_modules\stream-http\package.json
431 verbose installManyTop reading scoped package data from D:\Webpack\node_modules\strict-uri-encode\package.json
432 verbose installManyTop reading scoped package data from D:\Webpack\node_modules\string_decoder\package.json
433 verbose installManyTop reading scoped package data from D:\Webpack\node_modules\strip-ansi\package.json
434 verbose installManyTop reading scoped package data from D:\Webpack\node_modules\strip-bom\package.json
435 verbose installManyTop reading scoped package data from D:\Webpack\node_modules\strip-indent\package.json
436 verbose installManyTop reading scoped package data from D:\Webpack\node_modules\style-loader\package.json
437 verbose installManyTop reading scoped package data from D:\Webpack\node_modules\supports-color\package.json
438 verbose installManyTop reading scoped package data from D:\Webpack\node_modules\svgo\package.json
439 verbose installManyTop reading scoped package data from D:\Webpack\node_modules\tapable\package.json
440 verbose installManyTop reading scoped package data from D:\Webpack\node_modules\through\package.json
441 verbose installManyTop reading scoped package data from D:\Webpack\node_modules\through2\package.json
442 verbose installManyTop reading scoped package data from D:\Webpack\node_modules\tildify\package.json
443 verbose installManyTop reading scoped package data from D:\Webpack\node_modules\time-stamp\package.json
444 verbose installManyTop reading scoped package data from D:\Webpack\node_modules\timers-browserify\package.json
445 verbose installManyTop reading scoped package data from D:\Webpack\node_modules\to-arraybuffer\package.json
446 verbose installManyTop reading scoped package data from D:\Webpack\node_modules\to-fast-properties\package.json
447 verbose installManyTop reading scoped package data from D:\Webpack\node_modules\trim-newlines\package.json
448 verbose installManyTop reading scoped package data from D:\Webpack\node_modules\tty-browserify\package.json
449 verbose installManyTop reading scoped package data from D:\Webpack\node_modules\type-is\package.json
450 verbose installManyTop reading scoped package data from D:\Webpack\node_modules\uglify-js\package.json
451 verbose installManyTop reading scoped package data from D:\Webpack\node_modules\uglify-to-browserify\package.json
452 verbose installManyTop reading scoped package data from D:\Webpack\node_modules\unc-path-regex\package.json
453 verbose installManyTop reading scoped package data from D:\Webpack\node_modules\uniq\package.json
454 verbose installManyTop reading scoped package data from D:\Webpack\node_modules\uniqid\package.json
455 verbose installManyTop reading scoped package data from D:\Webpack\node_modules\uniqs\package.json
456 verbose installManyTop reading scoped package data from D:\Webpack\node_modules\unique-stream\package.json
457 verbose installManyTop reading scoped package data from D:\Webpack\node_modules\unpipe\package.json
458 verbose installManyTop reading scoped package data from D:\Webpack\node_modules\url\package.json
459 verbose installManyTop reading scoped package data from D:\Webpack\node_modules\url-parse\package.json
460 verbose installManyTop reading scoped package data from D:\Webpack\node_modules\user-home\package.json
461 verbose installManyTop reading scoped package data from D:\Webpack\node_modules\util\package.json
462 verbose installManyTop reading scoped package data from D:\Webpack\node_modules\util-deprecate\package.json
463 verbose installManyTop reading scoped package data from D:\Webpack\node_modules\utils-merge\package.json
464 verbose installManyTop reading scoped package data from D:\Webpack\node_modules\uuid\package.json
465 verbose installManyTop reading scoped package data from D:\Webpack\node_modules\v8flags\package.json
466 verbose installManyTop reading scoped package data from D:\Webpack\node_modules\validate-npm-package-license\package.json
467 verbose installManyTop reading scoped package data from D:\Webpack\node_modules\vary\package.json
468 verbose installManyTop reading scoped package data from D:\Webpack\node_modules\vendors\package.json
469 verbose installManyTop reading scoped package data from D:\Webpack\node_modules\vinyl\package.json
470 verbose installManyTop reading scoped package data from D:\Webpack\node_modules\vinyl-fs\package.json
471 verbose installManyTop reading scoped package data from D:\Webpack\node_modules\vm-browserify\package.json
472 verbose installManyTop reading scoped package data from D:\Webpack\node_modules\watchpack\package.json
473 verbose installManyTop reading scoped package data from D:\Webpack\node_modules\webpack\package.json
474 verbose installManyTop reading scoped package data from D:\Webpack\node_modules\webpack-core\package.json
475 verbose installManyTop reading scoped package data from D:\Webpack\node_modules\webpack-dev-middleware\package.json
476 verbose installManyTop reading scoped package data from D:\Webpack\node_modules\webpack-sources\package.json
477 verbose installManyTop reading scoped package data from D:\Webpack\node_modules\websocket-driver\package.json
478 verbose installManyTop reading scoped package data from D:\Webpack\node_modules\websocket-extensions\package.json
479 verbose installManyTop reading scoped package data from D:\Webpack\node_modules\whet.extend\package.json
480 verbose installManyTop reading scoped package data from D:\Webpack\node_modules\which\package.json
481 verbose installManyTop reading scoped package data from D:\Webpack\node_modules\window-size\package.json
482 verbose installManyTop reading scoped package data from D:\Webpack\node_modules\wordwrap\package.json
483 verbose installManyTop reading scoped package data from D:\Webpack\node_modules\wrappy\package.json
484 verbose installManyTop reading scoped package data from D:\Webpack\node_modules\xtend\package.json
485 verbose installManyTop reading scoped package data from D:\Webpack\node_modules\yargs\package.json
486 info package.json core-js@2.4.1 No README data
487 info package.json expand-tilde@1.2.2 No README data
488 info package.json is-windows@0.2.0 No README data
489 info package.json loader-utils@0.2.16 No README data
490 info package.json qs@6.2.0 No README data
491 info package.json querystringify@0.0.4 No README data
492 info package.json setimmediate@1.0.5 No README data
493 info package.json arr-flatten@1.0.1 license should be a valid SPDX license expression
494 info package.json assert@1.4.1 assert is also the name of a node core module.
495 info package.json array-unique@0.2.1 license should be a valid SPDX license expression
496 info package.json batch@0.5.3 No license field.
497 info package.json buffer@4.9.1 buffer is also the name of a node core module.
498 info package.json coa@1.0.1 No license field.
499 info package.json console-browserify@1.1.0 No license field.
500 info package.json cssesc@0.1.0 No license field.
501 info package.json date-now@0.1.4 No license field.
502 info package.json deprecated@0.0.1 No license field.
503 info package.json duplexer2@0.0.2 license should be a valid SPDX license expression
504 info package.json enhanced-resolve@0.9.1 No license field.
505 info package.json esprima-fb@15001.1.0-dev-harmony-fb No license field.
506 info package.json esutils@2.0.2 No license field.
507 info package.json events@1.1.1 events is also the name of a node core module.
508 info package.json eventsource@0.1.6 No license field.
509 info package.json filename-regex@2.0.0 license should be a valid SPDX license expression
510 info package.json flagged-respawn@0.3.2 No license field.
511 info package.json gaze@0.5.2 No license field.
512 info package.json function-bind@1.1.0 No license field.
513 info package.json glob-watcher@0.0.6 No license field.
514 info package.json glob-base@0.3.0 license should be a valid SPDX license expression
515 info package.json glob2base@0.0.12 No license field.
516 info package.json glob-stream@3.1.18 No license field.
517 info package.json globule@0.1.0 No license field.
518 info package.json has@1.0.1 No license field.
519 info package.json indexof@0.0.1 No repository field.
520 info package.json indexof@0.0.1 No license field.
521 info package.json is-primitive@2.0.0 license should be a valid SPDX license expression
522 info package.json js-base64@2.1.9 license should be a valid SPDX license expression
523 info package.json jsesc@0.5.0 No license field.
524 info package.json jsx-loader@0.13.2 license should be a valid SPDX license expression
525 info package.json less-loader@2.2.3 No license field.
526 info package.json json3@3.3.2 No license field.
527 info package.json longest@1.0.1 license should be a valid SPDX license expression
528 info package.json mime@1.3.4 No license field.
529 info package.json optimist@0.6.1 license should be a valid SPDX license expression
530 info package.json preserve@0.2.0 license should be a valid SPDX license expression
531 info package.json process@0.11.9 process is also the name of a node core module.
532 info package.json punycode@1.4.1 punycode is also the name of a node core module.
533 info package.json q@1.4.1 license should be a valid SPDX license expression
534 info package.json querystring@0.2.0 querystring is also the name of a node core module.
535 info package.json querystring@0.2.0 No license field.
536 info package.json querystring-es3@0.2.1 No license field.
537 info package.json rechoir@0.6.2 No license field.
538 info package.json regjsparser@0.1.5 license should be a valid SPDX license expression
539 info package.json repeat-element@1.1.2 license should be a valid SPDX license expression
540 info package.json replace-ext@0.0.1 No license field.
541 info package.json ripemd160@0.2.0 No license field.
542 info package.json sequencify@0.0.7 No license field.
543 info package.json stream-cache@0.0.2 No license field.
544 info package.json string_decoder@0.10.31 string_decoder is also the name of a node core module.
545 info package.json unique-stream@1.0.0 license should be a valid SPDX license expression
546 info package.json timers-browserify@2.0.2 No license field.
547 info package.json url@0.11.0 url is also the name of a node core module.
548 info package.json util@0.10.3 util is also the name of a node core module.
549 info package.json utils-merge@1.0.0 No license field.
550 info package.json vinyl-fs@0.3.14 No license field.
551 info package.json webpack-core@0.6.9 No license field.
552 info package.json window-size@0.1.0 No license field.
553 info package.json v8flags@2.0.11 No license field.
554 verbose readDependencies loading dependencies from D:\Webpack\package.json
555 silly cache add args [ 'CommonsChunkPlugin', null ]
556 verbose cache add spec CommonsChunkPlugin
557 silly cache add parsed spec Result {
557 silly cache add   raw: 'CommonsChunkPlugin',
557 silly cache add   scope: null,
557 silly cache add   name: 'CommonsChunkPlugin',
557 silly cache add   rawSpec: '',
557 silly cache add   spec: 'latest',
557 silly cache add   type: 'tag' }
558 silly addNamed CommonsChunkPlugin@latest
559 verbose addNamed "latest" is being treated as a dist-tag for CommonsChunkPlugin
560 info addNameTag [ 'CommonsChunkPlugin', 'latest' ]
561 silly mapToRegistry name CommonsChunkPlugin
562 silly mapToRegistry using default registry
563 silly mapToRegistry registry https://registry.npmjs.org/
564 silly mapToRegistry data Result {
564 silly mapToRegistry   raw: 'CommonsChunkPlugin',
564 silly mapToRegistry   scope: null,
564 silly mapToRegistry   name: 'CommonsChunkPlugin',
564 silly mapToRegistry   rawSpec: '',
564 silly mapToRegistry   spec: 'latest',
564 silly mapToRegistry   type: 'tag' }
565 silly mapToRegistry uri https://registry.npmjs.org/CommonsChunkPlugin
566 verbose addNameTag registry:https://registry.npmjs.org/CommonsChunkPlugin not in flight; fetching
567 verbose request uri https://registry.npmjs.org/CommonsChunkPlugin
568 verbose request no auth needed
569 info attempt registry request try #1 at 10:20:40
570 verbose request id 036cb0166e5838d3
571 http request GET https://registry.npmjs.org/CommonsChunkPlugin
572 http 404 https://registry.npmjs.org/CommonsChunkPlugin
573 verbose headers { 'content-type': 'application/json',
573 verbose headers   'cache-control': 'max-age=0',
573 verbose headers   'content-length': '2',
573 verbose headers   'accept-ranges': 'bytes',
573 verbose headers   date: 'Thu, 15 Dec 2016 02:19:20 GMT',
573 verbose headers   via: '1.1 varnish',
573 verbose headers   age: '0',
573 verbose headers   connection: 'keep-alive',
573 verbose headers   'x-served-by': 'cache-lcy1123-LCY',
573 verbose headers   'x-cache': 'MISS',
573 verbose headers   'x-cache-hits': '0',
573 verbose headers   'x-timer': 'S1481768359.905443,VS0,VE643',
573 verbose headers   vary: 'Accept-Encoding' }
574 silly get cb [ 404,
574 silly get   { 'content-type': 'application/json',
574 silly get     'cache-control': 'max-age=0',
574 silly get     'content-length': '2',
574 silly get     'accept-ranges': 'bytes',
574 silly get     date: 'Thu, 15 Dec 2016 02:19:20 GMT',
574 silly get     via: '1.1 varnish',
574 silly get     age: '0',
574 silly get     connection: 'keep-alive',
574 silly get     'x-served-by': 'cache-lcy1123-LCY',
574 silly get     'x-cache': 'MISS',
574 silly get     'x-cache-hits': '0',
574 silly get     'x-timer': 'S1481768359.905443,VS0,VE643',
574 silly get     vary: 'Accept-Encoding' } ]
575 verbose stack Error: Registry returned 404 for GET on https://registry.npmjs.org/CommonsChunkPlugin
575 verbose stack     at makeError (D:\nodeJS\node_modules\npm\node_modules\npm-registry-client\lib\request.js:264:12)
575 verbose stack     at CachingRegistryClient.<anonymous> (D:\nodeJS\node_modules\npm\node_modules\npm-registry-client\lib\request.js:242:14)
575 verbose stack     at Request._callback (D:\nodeJS\node_modules\npm\node_modules\npm-registry-client\lib\request.js:172:14)
575 verbose stack     at Request.self.callback (D:\nodeJS\node_modules\npm\node_modules\request\request.js:200:22)
575 verbose stack     at emitTwo (events.js:87:13)
575 verbose stack     at Request.emit (events.js:172:7)
575 verbose stack     at Request.<anonymous> (D:\nodeJS\node_modules\npm\node_modules\request\request.js:1067:10)
575 verbose stack     at emitOne (events.js:82:20)
575 verbose stack     at Request.emit (events.js:169:7)
575 verbose stack     at IncomingMessage.<anonymous> (D:\nodeJS\node_modules\npm\node_modules\request\request.js:988:12)
576 verbose statusCode 404
577 verbose pkgid CommonsChunkPlugin
578 verbose cwd D:\Webpack
579 error Windows_NT 6.1.7601
580 error argv "D:\\nodeJS\\node.exe" "D:\\nodeJS\\node_modules\\npm\\bin\\npm-cli.js" "install" "CommonsChunkPlugin" "--save-dev"
581 error node v4.5.0
582 error npm  v2.15.9
583 error code E404
584 error 404 Registry returned 404 for GET on https://registry.npmjs.org/CommonsChunkPlugin
584 error 404
584 error 404 'CommonsChunkPlugin' is not in the npm registry.
584 error 404 Your package name is not valid, because
584 error 404
584 error 404  1. name can no longer contain capital letters
584 error 404 It was specified as a dependency of 'momo'
584 error 404
584 error 404 Note that you can also install from a
584 error 404 tarball, folder, http url, or git url.
585 verbose exit [ 1, true ]
